This is XeTeX, Version 3.141592653-2.6-0.999997 (TeX Live 2025) (preloaded format=xelatex 2025.9.2)  26 FEB 2026 16:30
entering extended mode
 restricted \write18 enabled.
 %&-line parsing enabled.
**poster.tex
(/usr/local/texlive/2025/texmf-dist/tex/generic/poster-mac/poster.tex
LaTeX2e <2024-11-01> patch level 2
L3 programming layer <2025-01-18>
  v1.1  10/05/15  <tvz>
\@posterbox=\box52
\poster@savedbox=\box53
\poster@cropbox=\box54
)
*^^D
! Text line contains an invalid character.
<*> ^^D
       
? 
! Emergency stop.
<*> 
    
End of file on the terminal!

 
Here is how much of TeX's memory you used:
 74 strings out of 473832
 1212 string characters out of 5729482
 386380 words of memory out of 5000000
 23240 multiletter control sequences out of 15000+600000
 558837 words of font info for 36 fonts, out of 8000000 for 9000
 1348 hyphenation exceptions out of 8191
 11i,0n,13p,90b,8s stack positions out of 10000i,1000n,20000p,200000b,200000s
No pages of output.
